(0000) 2600  0010011000000000 (   6)                 .ORIG x2600
(2600) A015  1010000000010101 (   7) poll            LDI   R0 KBSR
(2601) 07FE  0000011111111110 (   8)                 BRZP  poll
(2602) A014  1010000000010100 (   9)                 LDI   R0 KBDR
(2603) 240E  0010010000001110 (  11)                 LD    R2 aye
(2604) 1602  0001011000000010 (  12)                 ADD   R3 R0 R2
(2605) 040A  0000010000001010 (  13)                 BRZ   store
(2606) 240D  0010010000001101 (  14)                 LD    R2 cee
(2607) 1602  0001011000000010 (  15)                 ADD   R3 R0 R2
(2608) 0407  0000010000000111 (  16)                 BRZ   store
(2609) 240B  0010010000001011 (  17)                 LD    R2 gee
(260A) 1680  0001011010000000 (  18)                 ADD   R3 R2 R0
(260B) 0404  0000010000000100 (  19)                 BRZ   store
(260C) 2406  0010010000000110 (  20)                 LD    R2 you
(260D) 1680  0001011010000000 (  21)                 ADD   R3 R2 R0
(260E) 0401  0000010000000001 (  22)                 BRZ   store
(260F) 0FF0  0000111111110000 (  23)                 BRNZP poll
(2610) B009  1011000000001001 (  24) store           STI   R0 Place
(2611) 8000  1000000000000000 (  25)                 RTI   
(2612) FFBF  1111111110111111 (  26) aye             .FILL xFFBF
(2613) FFAB  1111111110101011 (  27) you             .FILL xFFAB
(2614) FFBD  1111111110111101 (  28) cee             .FILL xFFBD
(2615) FFB9  1111111110111001 (  29) gee             .FILL xFFB9
(2616) FE00  1111111000000000 (  30) KBSR            .FILL xFE00
(2617) FE02  1111111000000010 (  31) KBDR            .FILL xFE02
(2618) FE04  1111111000000100 (  32) DSR             .FILL xFE04
(2619) FE06  1111111000000110 (  33) DDR             .FILL xFE06
(261A) 4600  0100011000000000 (  34) Place           .FILL x4600
