(0000) 4000  0100000000000000 (   7)                 .ORIG x4000
(4000) 2C4E  0010110001001110 (   9)                 LD    R6 stack
(4001) 2050  0010000001010000 (  11)                 LD    R0 mask
(4002) B050  1011000001010000 (  12)                 STI   R0 KBSR
(4003) 204C  0010000001001100 (  14)                 LD    R0 isr_loc
(4004) B04C  1011000001001100 (  15)                 STI   R0 KBIVentry
(4005) 5920  0101100100100000 (  17)                 AND   R4 R4 #0
(4006) B84D  1011100001001101 (  18)                 STI   R4 holding
(4007) A04C  1010000001001100 (  19) search          LDI   R0 holding
(4008) 05FE  0000010111111110 (  20)                 BRZ   search
(4009) F021  1111000000100001 (  21)                 TRAP  x21
(400A) 5920  0101100100100000 (  22)                 AND   R4 R4 #0
(400B) B848  1011100001001000 (  23)                 STI   R4 holding
(400C) 224D  0010001001001101 (  24)                 LD    R1 char
(400D) 0408  0000010000001000 (  25)                 BRZ   searchA
(400E) 2446  0010010001000110 (  26)                 LD    R2 aye
(400F) 1642  0001011001000010 (  27)                 ADD   R3 R1 R2
(4010) 040A  0000010000001010 (  28)                 BRZ   searchU
(4011) 2446  0010010001000110 (  29)                 LD    R2 you
(4012) 1642  0001011001000010 (  30)                 ADD   R3 R1 R2
(4013) 040B  0000010000001011 (  31)                 BRZ   searchG
(4014) 3845  0011100001000101 (  32)                 ST    R4 char
(4015) 0FF1  0000111111110001 (  33)                 BRNZP search
(4016) 223E  0010001000111110 (  34) searchA         LD    R1 aye
(4017) 1401  0001010000000001 (  35)                 ADD   R2 R0 R1
(4018) 0BEE  0000101111101110 (  36)                 BRNP  search
(4019) 3040  0011000001000000 (  37)                 ST    R0 char
(401A) 0FEC  0000111111101100 (  38)                 BRNZP search
(401B) 223C  0010001000111100 (  39) searchU         LD    R1 you
(401C) 1401  0001010000000001 (  40)                 ADD   R2 R0 R1
(401D) 303C  0011000000111100 (  41)                 ST    R0 char
(401E) 0FE8  0000111111101000 (  42)                 BRNZP search
(401F) 2237  0010001000110111 (  43) searchG         LD    R1 gee
(4020) 1401  0001010000000001 (  44)                 ADD   R2 R0 R1
(4021) 3838  0011100000111000 (  45)                 ST    R4 char
(4022) 0BE4  0000101111100100 (  46)                 BRNP  search
(4023) 3836  0011100000110110 (  47)                 ST    R4 char
(4024) 2034  0010000000110100 (  48)                 LD    R0 bar
(4025) F021  1111000000100001 (  49)                 TRAP  x21
(4026) A02D  1010000000101101 (  50) find            LDI   R0 holding
(4027) 05FE  0000010111111110 (  51)                 BRZ   find
(4028) F021  1111000000100001 (  52)                 TRAP  x21
(4029) 5920  0101100100100000 (  53)                 AND   R4 R4 #0
(402A) B829  1011100000101001 (  54)                 STI   R4 holding
(402B) 222E  0010001000101110 (  55)                 LD    R1 char
(402C) 040B  0000010000001011 (  56)                 BRZ   findU
(402D) 242A  0010010000101010 (  57)                 LD    R2 you
(402E) 1642  0001011001000010 (  58)                 ADD   R3 R1 R2
(402F) 040D  0000010000001101 (  59)                 BRZ   findAG
(4030) 2424  0010010000100100 (  60)                 LD    R2 aye
(4031) 1642  0001011001000010 (  61)                 ADD   R3 R1 R2
(4032) 0413  0000010000010011 (  62)                 BRZ   findGA
(4033) 2423  0010010000100011 (  63)                 LD    R2 gee
(4034) 1642  0001011001000010 (  64)                 ADD   R3 R1 R2
(4035) 0410  0000010000010000 (  65)                 BRZ   findGA
(4036) 3823  0011100000100011 (  66)                 ST    R4 char
(4037) 0FEE  0000111111101110 (  67)                 BRNZP find
(4038) 221F  0010001000011111 (  68) findU           LD    R1 you
(4039) 1401  0001010000000001 (  69)                 ADD   R2 R0 R1
(403A) 0BEB  0000101111101011 (  70)                 BRNP  find
(403B) 301E  0011000000011110 (  71)                 ST    R0 char
(403C) 0FE9  0000111111101001 (  72)                 BRNZP find
(403D) 2217  0010001000010111 (  73) findAG          LD    R1 aye
(403E) 1401  0001010000000001 (  74)                 ADD   R2 R0 R1
(403F) 0404  0000010000000100 (  75)                 BRZ   storeit
(4040) 2216  0010001000010110 (  76)                 LD    R1 gee
(4041) 1401  0001010000000001 (  77)                 ADD   R2 R0 R1
(4042) 3017  0011000000010111 (  78)                 ST    R0 char
(4043) 0BE2  0000101111100010 (  79)                 BRNP  find
(4044) 3015  0011000000010101 (  80) storeit         ST    R0 char
(4045) 0FE0  0000111111100000 (  81)                 BRNZP find
(4046) 220E  0010001000001110 (  82) findGA          LD    R1 aye
(4047) 1401  0001010000000001 (  83)                 ADD   R2 R0 R1
(4048) 0404  0000010000000100 (  84)                 BRZ   clear
(4049) 220D  0010001000001101 (  85)                 LD    R1 gee
(404A) 1401  0001010000000001 (  86)                 ADD   R2 R0 R1
(404B) 300E  0011000000001110 (  87)                 ST    R0 char
(404C) 0BD9  0000101111011001 (  88)                 BRNP  find
(404D) 380C  0011100000001100 (  89) clear           ST    R4 char
(404E) F025  1111000000100101 (  90)                 TRAP  x25
(404F) 4000  0100000000000000 (  91) stack           .FILL x4000
(4050) 2600  0010011000000000 (  92) isr_loc         .FILL x2600
(4051) 0180  0000000110000000 (  93) KBIVentry       .FILL x0180
(4052) 4000  0100000000000000 (  94) mask            .FILL x4000
(4053) FE00  1111111000000000 (  95) KBSR            .FILL xFE00
(4054) 4600  0100011000000000 (  96) holding         .FILL x4600
(4055) FFBF  1111111110111111 (  97) aye             .FILL xFFBF
(4056) FFBD  1111111110111101 (  98) cee             .FILL xFFBD
(4057) FFB9  1111111110111001 (  99) gee             .FILL xFFB9
(4058) FFAB  1111111110101011 ( 100) you             .FILL xFFAB
(4059) 007C  0000000001111100 ( 101) bar             .FILL x007C
(405A) 0000  0000000000000000 ( 103) char            .FILL x0000
